Arguments: 
  C:\Users\musay\AppData\Local\pnpm\node.exe C:\Users\musay\AppData\Roaming\npm\node_modules\yarn\bin\yarn.js add cypress@latest

PATH: 
  C:\Program Files (x86)\VMware\VMware Player\bin\;C:\Program Files\Eclipse Adoptium\jdk-17.0.5.8-hotspot\bin;C:\Program Files\Common Files\Oracle\Java\javapath;C:\windows\system32;C:\windows;C:\windows\System32\Wbem;C:\windows\System32\WindowsPowerShell\v1.0\;C:\windows\System32\OpenSSH\;C:\Program Files\Java\jdk-17.0.1\bin;C:\Program Files\Microsoft SQL Server\150\Tools\Binn\;C:\Program Files\dotnet\;C:\Program Files\Microsoft SQL Server\Client SDK\ODBC\170\Tools\Binn\;C:\Program Files (x86)\Microsoft SQL Server\150\Tools\Binn\;C:\Program Files\Microsoft SQL Server\150\DTS\Binn\;C:\Program Files\Azure Data Studio\bin;C:\WINDOWS\system32;C:\WINDOWS;C:\WINDOWS\System32\Wbem;C:\WINDOWS\System32\WindowsPowerShell\v1.0\;C:\WINDOWS\System32\OpenSSH\;C:\Program Files\Git\cmd;C:\Program Files (x86)\Microsoft SQL Server\160\Tools\Binn\;C:\Program Files\Microsoft SQL Server\160\Tools\Binn\;C:\Program Files\Microsoft SQL Server\160\DTS\Binn\;C:\Program Files (x86)\Microsoft SQL Server\160\DTS\Binn\;C:\Program Files\HP\HP One Agent;C:\Users\musay\AppData\Local\pnpm;C:\Program Files\Java\jdk-17.0.1\bin;C:\Program Files\Azure Data Studio\bin;C:\Users\musay\AppData\Local\Microsoft\WindowsApps;C:\Users\musay\.dotnet\tools;C:\Users\musay\AppData\Local\Programs\Microsoft VS Code\bin;C:\Users\musay\AppData\Roaming\npm

Yarn version: 
  1.22.19

Node version: 
  16.20.2

Platform: 
  win32 x64

Trace: 
  SyntaxError: C:\Users\musay\OneDrive\Desktop\timegram-automation-testing\timegram-automation-testing\package.json: Unexpected token / in JSON at position 132
      at JSON.parse (<anonymous>)
      at C:\Users\musay\AppData\Roaming\npm\node_modules\yarn\lib\cli.js:1629:59
      at Generator.next (<anonymous>)
      at step (C:\Users\musay\AppData\Roaming\npm\node_modules\yarn\lib\cli.js:310:30)
      at C:\Users\musay\AppData\Roaming\npm\node_modules\yarn\lib\cli.js:321:13

npm manifest: 
  {
    "devDependencies": {
      "cypress": "^13.6.4",
      "cypress-mochawesome-reporter": "^3.8.1",
      "cypress-xpath": "^2.0.1",
      // "chromeWebSecurity": false
    }
  }

yarn manifest: 
  No manifest

Lockfile: 
  No lockfile
